\BOOKMARK [1][-]{section.1}{\376\377\225\356\230\230\221\315\217\360}{}% 1
\BOOKMARK [2][-]{subsection.1.1}{\376\377\225\356\230\230\200\314\146\157}{section.1}% 2
\BOOKMARK [2][-]{subsection.1.2}{\376\377\170\024\172\166\166\356\150\007}{section.1}% 3
\BOOKMARK [1][-]{section.2}{\376\377\152\041\127\213\120\107\213\276}{}% 4
\BOOKMARK [1][-]{section.3}{\376\377\173\046\123\367\213\364\146\016}{}% 5
\BOOKMARK [1][-]{section.4}{\376\377\145\160\143\156\230\204\131\004\164\006}{}% 6
\BOOKMARK [2][-]{subsection.4.1}{\376\377\145\160\143\156\147\145\156\220}{section.4}% 7
\BOOKMARK [2][-]{subsection.4.2}{\376\377\145\160\143\156\156\005\155\027}{section.4}% 8
\BOOKMARK [1][-]{section.5}{\376\377\152\041\127\213\136\372\172\313}{}% 9
\BOOKMARK [2][-]{subsection.5.1}{\376\377\131\032\123\330\221\317\201\352\126\336\137\122\152\041\127\213}{section.5}% 10
\BOOKMARK [3][-]{subsubsection.5.1.1}{\376\377\152\041\127\213\137\142\137\017}{subsection.5.1}% 11
\BOOKMARK [3][-]{subsubsection.5.1.2}{\376\377\134\255\126\336\137\122\117\060\213\241}{subsection.5.1}% 12
\BOOKMARK [2][-]{subsection.5.2}{\376\377\230\204\155\113\176\246\147\137\147\141\116\366}{section.5}% 13
\BOOKMARK [1][-]{section.6}{\376\377\152\041\127\213\154\102\211\343\116\016\176\323\147\234\122\006\147\220}{}% 14
\BOOKMARK [2][-]{subsection.6.1}{\376\377\152\041\127\213\142\337\124\010\176\323\147\234}{section.6}% 15
\BOOKMARK [2][-]{subsection.6.2}{\376\377\126\336\137\122\174\373\145\160\122\006\147\220}{section.6}% 16
\BOOKMARK [2][-]{subsection.6.3}{\376\377\126\333\131\047\126\340\175\040\137\161\124\315\123\140\153\324\122\006\147\220}{section.6}% 17
\BOOKMARK [2][-]{subsection.6.4}{\376\377\142\077\116\367\230\204\155\113\176\323\147\234}{section.6}% 18
\BOOKMARK [2][-]{subsection.6.5}{\376\377\152\041\127\213\232\214\213\301}{section.6}% 19
\BOOKMARK [3][-]{subsubsection.6.5.1}{\376\377\152\041\127\213\232\214\213\301\123\357\211\306\123\026\122\006\147\220}{subsection.6.5}% 20
\BOOKMARK [3][-]{subsubsection.6.5.2}{\376\377\153\213\135\356\122\006\147\220}{subsection.6.5}% 21
\BOOKMARK [2][-]{subsection.6.6}{\376\377\230\204\155\113\176\323\147\234\122\006\147\220}{section.6}% 22
\BOOKMARK [3][-]{subsubsection.6.6.1}{\376\377\123\027\116\254\377\032\156\051\124\214\214\003\145\164}{subsection.6.6}% 23
\BOOKMARK [3][-]{subsubsection.6.6.2}{\376\377\142\020\220\375\377\032\156\051\124\214\116\012\155\250}{subsection.6.6}% 24
\BOOKMARK [3][-]{subsubsection.6.6.3}{\376\377\153\146\154\111\377\032\227\007\203\141\116\013\210\114}{subsection.6.6}% 25
\BOOKMARK [2][-]{subsection.6.7}{\376\377\230\204\155\113\116\015\170\156\133\232\140\047\122\006\147\220}{section.6}% 26
\BOOKMARK [1][-]{section.7}{\376\377\127\316\136\002\123\321\134\125\157\134\122\233\116\016\136\002\127\072\172\063\133\232\140\047\213\304\116\367}{}% 27
\BOOKMARK [2][-]{subsection.7.1}{\376\377\213\304\116\367\152\041\127\213\116\016\145\271\154\325}{section.7}% 28
\BOOKMARK [3][-]{subsubsection.7.1.1}{\376\377\147\103\221\315\170\156\133\232\377\032\133\242\211\302\166\370\121\163\174\373\145\160\154\325}{subsection.7.1}% 29
\BOOKMARK [3][-]{subsubsection.7.1.2}{\376\377\000T\000O\000P\000S\000I\000S\176\374\124\010\213\304\116\367\152\041\127\213}{subsection.7.1}% 30
\BOOKMARK [2][-]{subsection.7.2}{\376\377\213\304\116\367\176\323\147\234\116\016\122\006\147\220}{section.7}% 31
\BOOKMARK [1][-]{section.8}{\376\377\152\041\127\213\213\304\116\367\116\016\145\071\217\333}{}% 32
\BOOKMARK [2][-]{subsection.8.1}{\376\377\152\041\127\213\117\030\160\271}{section.8}% 33
\BOOKMARK [2][-]{subsection.8.2}{\376\377\152\041\127\213\134\100\226\120\140\047}{section.8}% 34
\BOOKMARK [2][-]{subsection.8.3}{\376\377\145\071\217\333\145\271\124\021}{section.8}% 35
\BOOKMARK [1][-]{section.9}{\376\377\145\077\173\126\136\372\213\256}{}% 36
\BOOKMARK [2][-]{subsection.9.1}{\376\377\134\105\154\021\215\055\142\077\136\372\213\256}{section.9}% 37
\BOOKMARK [2][-]{subsection.9.2}{\376\377\145\077\136\234\214\003\143\247\136\372\213\256}{section.9}% 38
\BOOKMARK [1][-]{section.10}{\376\377\176\323\213\272}{}% 39
